2014-09-17 14:39:18,020:  {"model": "yunapp.contract_temp.views"} >>> add level 0 template劳动人事
2014-09-17 14:39:18,073:  {"model": "yunapp.contract_temp.views"} >>> add level 0 template企业治理
2014-09-17 14:39:18,115:  {"model": "yunapp.contract_temp.views"} >>> add level 0 template知识产权
2014-09-17 14:39:18,165:  {"model": "yunapp.contract_temp.views"} >>> add level 0 template公司经营
2014-09-17 14:39:18,236:  {"model": "yunapp.contract_temp.views"} >>> add level 1 template劳动合同
2014-09-17 14:39:18,294:  {"model": "yunapp.contract_temp.views"} >>> add level 1 template劳务合同
2014-09-17 14:39:18,384:  {"model": "yunapp.contract_temp.views"} >>> add level 1 template派遣合同
2014-09-17 14:39:18,436:  {"model": "yunapp.contract_temp.views"} >>> add level 1 template培训合同
2014-09-17 14:39:18,494:  {"model": "yunapp.contract_temp.views"} >>> add level 1 template劳动争议仲裁申请书
2014-09-17 14:39:18,553:  {"model": "yunapp.contract_temp.views"} >>> add level 1 template企业设立
2014-09-17 14:39:18,611:  {"model": "yunapp.contract_temp.views"} >>> add level 1 template合伙协议
2014-09-17 14:39:18,670:  {"model": "yunapp.contract_temp.views"} >>> add level 1 template投资协议
2014-09-17 14:39:18,728:  {"model": "yunapp.contract_temp.views"} >>> add level 1 template分立／合并
2014-09-17 14:39:18,787:  {"model": "yunapp.contract_temp.views"} >>> add level 1 template股权设置
2014-09-17 14:39:18,845:  {"model": "yunapp.contract_temp.views"} >>> add level 1 template商标
2014-09-17 14:39:18,904:  {"model": "yunapp.contract_temp.views"} >>> add level 1 template专利
2014-09-17 14:39:18,962:  {"model": "yunapp.contract_temp.views"} >>> add level 1 template著作权
2014-09-17 14:39:19,021:  {"model": "yunapp.contract_temp.views"} >>> add level 1 template商业秘密
2014-09-17 14:39:19,129:  {"model": "yunapp.contract_temp.views"} >>> add level 1 template租赁／融资租赁合同
2014-09-17 14:39:19,188:  {"model": "yunapp.contract_temp.views"} >>> add level 1 template文化艺术合同
2014-09-17 14:39:19,246:  {"model": "yunapp.contract_temp.views"} >>> add level 1 template买卖合同
2014-09-17 14:39:19,305:  {"model": "yunapp.contract_temp.views"} >>> add level 1 template承包合同
2014-09-17 14:39:19,364:  {"model": "yunapp.contract_temp.views"} >>> add level 1 template贸易合同
2014-09-17 14:39:19,413:  {"model": "yunapp.contract_temp.views"} >>> add level 1 template建设工程合同
2014-09-17 14:39:19,480:  {"model": "yunapp.contract_temp.views"} >>> add level 1 template运输、仓储、保管合同
2014-09-17 14:39:19,530:  {"model": "yunapp.contract_temp.views"} >>> add level 1 template生产、加工、维修合同
2014-09-17 14:39:19,755:  {"model": "yunapp.contract_temp.views"} >>> add level 1 template技术合同
2014-09-17 14:39:19,814:  {"model": "yunapp.contract_temp.views"} >>> add level 1 template服务合同
